{"C:\\Users\\syste\\Desktop\\Execises\\challenge-axa-partners\\movies-app\\movies-app\\src\\App.jsx": {"path":"C:\\Users\\syste\\Desktop\\Execises\\challenge-axa-partners\\movies-app\\movies-app\\src\\App.jsx","statementMap":{"0":{"start":{"line":15,"column":12},"end":{"line":43,"column":1}},"1":{"start":{"line":16,"column":20},"end":{"line":16,"column":51}},"2":{"start":{"line":17,"column":15},"end":{"line":17,"column":47}},"3":{"start":{"line":17,"column":36},"end":{"line":17,"column":46}},"4":{"start":{"line":18,"column":2},"end":{"line":42,"column":3}}},"fnMap":{"0":{"name":"(anonymous_0)","decl":{"start":{"line":15,"column":12},"end":{"line":15,"column":13}},"loc":{"start":{"line":15,"column":18},"end":{"line":43,"column":1}},"line":15},"1":{"name":"(anonymous_1)","decl":{"start":{"line":17,"column":27},"end":{"line":17,"column":28}},"loc":{"start":{"line":17,"column":36},"end":{"line":17,"column":46}},"line":17}},"branchMap":{"0":{"loc":{"start":{"line":23,"column":12},"end":{"line":28,"column":38}},"type":"cond-expr","locations":[{"start":{"line":24,"column":12},"end":{"line":27,"column":24}},{"start":{"line":28,"column":14},"end":{"line":28,"column":38}}],"line":23},"1":{"loc":{"start":{"line":23,"column":12},"end":{"line":23,"column":45}},"type":"binary-expr","locations":[{"start":{"line":23,"column":12},"end":{"line":23,"column":21}},{"start":{"line":23,"column":25},"end":{"line":23,"column":45}}],"line":23},"2":{"loc":{"start":{"line":32,"column":12},"end":{"line":37,"column":38}},"type":"cond-expr","locations":[{"start":{"line":33,"column":12},"end":{"line":36,"column":24}},{"start":{"line":37,"column":14},"end":{"line":37,"column":38}}],"line":32},"3":{"loc":{"start":{"line":32,"column":12},"end":{"line":32,"column":45}},"type":"binary-expr","locations":[{"start":{"line":32,"column":12},"end":{"line":32,"column":21}},{"start":{"line":32,"column":25},"end":{"line":32,"column":45}}],"line":32}},"s":{"0":0,"1":0,"2":0,"3":0,"4":0},"f":{"0":0,"1":0},"b":{"0":[0,0],"1":[0,0],"2":[0,0],"3":[0,0]}}
,"C:\\Users\\syste\\Desktop\\Execises\\challenge-axa-partners\\movies-app\\movies-app\\src\\index.js": {"path":"C:\\Users\\syste\\Desktop\\Execises\\challenge-axa-partners\\movies-app\\movies-app\\src\\index.js","statementMap":{"0":{"start":{"line":8,"column":0},"end":{"line":13,"column":1}}},"fnMap":{},"branchMap":{},"s":{"0":0},"f":{},"b":{}}
,"C:\\Users\\syste\\Desktop\\Execises\\challenge-axa-partners\\movies-app\\movies-app\\src\\components\\FiltersDrawer.js": {"path":"C:\\Users\\syste\\Desktop\\Execises\\challenge-axa-partners\\movies-app\\movies-app\\src\\components\\FiltersDrawer.js","statementMap":{"0":{"start":{"line":23,"column":20},"end":{"line":23,"column":23}},"1":{"start":{"line":25,"column":13},"end":{"line":42,"column":1}},"2":{"start":{"line":25,"column":59},"end":{"line":25,"column":74}},"3":{"start":{"line":26,"column":24},"end":{"line":41,"column":3}},"4":{"start":{"line":44,"column":15},"end":{"line":59,"column":3}},"5":{"start":{"line":45,"column":31},"end":{"line":45,"column":46}},"6":{"start":{"line":46,"column":25},"end":{"line":59,"column":1}},"7":{"start":{"line":61,"column":21},"end":{"line":67,"column":3}},"8":{"start":{"line":61,"column":51},"end":{"line":67,"column":1}},"9":{"start":{"line":70,"column":19},"end":{"line":70,"column":32}},"10":{"start":{"line":71,"column":30},"end":{"line":71,"column":48}},"11":{"start":{"line":72,"column":26},"end":{"line":72,"column":44}},"12":{"start":{"line":73,"column":30},"end":{"line":73,"column":48}},"13":{"start":{"line":74,"column":16},"end":{"line":74,"column":26}},"14":{"start":{"line":75,"column":26},"end":{"line":75,"column":47}},"15":{"start":{"line":76,"column":22},"end":{"line":78,"column":3}},"16":{"start":{"line":77,"column":4},"end":{"line":77,"column":50}},"17":{"start":{"line":79,"column":23},"end":{"line":91,"column":3}},"18":{"start":{"line":80,"column":4},"end":{"line":90,"column":5}},"19":{"start":{"line":81,"column":4},"end":{"line":89,"column":7}},"20":{"start":{"line":82,"column":8},"end":{"line":85,"column":10}},"21":{"start":{"line":83,"column":31},"end":{"line":83,"column":47}},"22":{"start":{"line":84,"column":10},"end":{"line":84,"column":49}},"23":{"start":{"line":88,"column":8},"end":{"line":88,"column":47}},"24":{"start":{"line":92,"column":23},"end":{"line":97,"column":3}},"25":{"start":{"line":93,"column":4},"end":{"line":96,"column":6}},"26":{"start":{"line":94,"column":27},"end":{"line":94,"column":43}},"27":{"start":{"line":95,"column":6},"end":{"line":95,"column":45}},"28":{"start":{"line":98,"column":27},"end":{"line":100,"column":3}},"29":{"start":{"line":99,"column":4},"end":{"line":99,"column":18}},"30":{"start":{"line":102,"column":28},"end":{"line":104,"column":3}},"31":{"start":{"line":103,"column":4},"end":{"line":103,"column":19}},"32":{"start":{"line":106,"column":2},"end":{"line":189,"column":4}},"33":{"start":{"line":126,"column":77},"end":{"line":126,"column":104}},"34":{"start":{"line":159,"column":62},"end":{"line":159,"column":91}},"35":{"start":{"line":162,"column":62},"end":{"line":162,"column":91}}},"fnMap":{"0":{"name":"(anonymous_0)","decl":{"start":{"line":25,"column":49},"end":{"line":25,"column":50}},"loc":{"start":{"line":25,"column":59},"end":{"line":25,"column":74}},"line":25},"1":{"name":"(anonymous_1)","decl":{"start":{"line":26,"column":2},"end":{"line":26,"column":3}},"loc":{"start":{"line":26,"column":24},"end":{"line":41,"column":3}},"line":26},"2":{"name":"(anonymous_2)","decl":{"start":{"line":45,"column":21},"end":{"line":45,"column":22}},"loc":{"start":{"line":45,"column":31},"end":{"line":45,"column":46}},"line":45},"3":{"name":"(anonymous_3)","decl":{"start":{"line":46,"column":3},"end":{"line":46,"column":4}},"loc":{"start":{"line":46,"column":25},"end":{"line":59,"column":1}},"line":46},"4":{"name":"(anonymous_4)","decl":{"start":{"line":61,"column":35},"end":{"line":61,"column":36}},"loc":{"start":{"line":61,"column":51},"end":{"line":67,"column":1}},"line":61},"5":{"name":"PersistentDrawerLeft","decl":{"start":{"line":69,"column":24},"end":{"line":69,"column":44}},"loc":{"start":{"line":69,"column":47},"end":{"line":190,"column":1}},"line":69},"6":{"name":"(anonymous_6)","decl":{"start":{"line":76,"column":22},"end":{"line":76,"column":23}},"loc":{"start":{"line":76,"column":26},"end":{"line":78,"column":3}},"line":76},"7":{"name":"(anonymous_7)","decl":{"start":{"line":79,"column":23},"end":{"line":79,"column":24}},"loc":{"start":{"line":79,"column":29},"end":{"line":91,"column":3}},"line":79},"8":{"name":"(anonymous_8)","decl":{"start":{"line":82,"column":23},"end":{"line":82,"column":24}},"loc":{"start":{"line":82,"column":31},"end":{"line":85,"column":9}},"line":82},"9":{"name":"(anonymous_9)","decl":{"start":{"line":92,"column":23},"end":{"line":92,"column":24}},"loc":{"start":{"line":92,"column":27},"end":{"line":97,"column":3}},"line":92},"10":{"name":"(anonymous_10)","decl":{"start":{"line":93,"column":19},"end":{"line":93,"column":20}},"loc":{"start":{"line":93,"column":27},"end":{"line":96,"column":5}},"line":93},"11":{"name":"(anonymous_11)","decl":{"start":{"line":98,"column":27},"end":{"line":98,"column":28}},"loc":{"start":{"line":98,"column":33},"end":{"line":100,"column":3}},"line":98},"12":{"name":"(anonymous_12)","decl":{"start":{"line":102,"column":28},"end":{"line":102,"column":29}},"loc":{"start":{"line":102,"column":34},"end":{"line":104,"column":3}},"line":102},"13":{"name":"(anonymous_13)","decl":{"start":{"line":126,"column":68},"end":{"line":126,"column":69}},"loc":{"start":{"line":126,"column":77},"end":{"line":126,"column":104}},"line":126},"14":{"name":"(anonymous_14)","decl":{"start":{"line":159,"column":53},"end":{"line":159,"column":54}},"loc":{"start":{"line":159,"column":62},"end":{"line":159,"column":91}},"line":159},"15":{"name":"(anonymous_15)","decl":{"start":{"line":162,"column":53},"end":{"line":162,"column":54}},"loc":{"start":{"line":162,"column":62},"end":{"line":162,"column":91}},"line":162}},"branchMap":{"0":{"loc":{"start":{"line":34,"column":8},"end":{"line":40,"column":5}},"type":"binary-expr","locations":[{"start":{"line":34,"column":8},"end":{"line":34,"column":12}},{"start":{"line":34,"column":16},"end":{"line":40,"column":5}}],"line":34},"1":{"loc":{"start":{"line":51,"column":6},"end":{"line":58,"column":3}},"type":"binary-expr","locations":[{"start":{"line":51,"column":6},"end":{"line":51,"column":10}},{"start":{"line":51,"column":14},"end":{"line":58,"column":3}}],"line":51},"2":{"loc":{"start":{"line":80,"column":4},"end":{"line":90,"column":5}},"type":"if","locations":[{"start":{"line":80,"column":4},"end":{"line":90,"column":5}},{"start":{"line":80,"column":4},"end":{"line":90,"column":5}}],"line":80},"3":{"loc":{"start":{"line":81,"column":4},"end":{"line":89,"column":7}},"type":"if","locations":[{"start":{"line":81,"column":4},"end":{"line":89,"column":7}},{"start":{"line":81,"column":4},"end":{"line":89,"column":7}}],"line":81},"4":{"loc":{"start":{"line":117,"column":31},"end":{"line":117,"column":58}},"type":"binary-expr","locations":[{"start":{"line":117,"column":31},"end":{"line":117,"column":35}},{"start":{"line":117,"column":39},"end":{"line":117,"column":58}}],"line":117},"5":{"loc":{"start":{"line":146,"column":13},"end":{"line":146,"column":83}},"type":"cond-expr","locations":[{"start":{"line":146,"column":41},"end":{"line":146,"column":60}},{"start":{"line":146,"column":63},"end":{"line":146,"column":83}}],"line":146}},"s":{"0":0,"1":0,"2":0,"3":0,"4":0,"5":0,"6":0,"7":0,"8":0,"9":0,"10":0,"11":0,"12":0,"13":0,"14":0,"15":0,"16":0,"17":0,"18":0,"19":0,"20":0,"21":0,"22":0,"23":0,"24":0,"25":0,"26":0,"27":0,"28":0,"29":0,"30":0,"31":0,"32":0,"33":0,"34":0,"35":0},"f":{"0":0,"1":0,"2":0,"3":0,"4":0,"5":0,"6":0,"7":0,"8":0,"9":0,"10":0,"11":0,"12":0,"13":0,"14":0,"15":0},"b":{"0":[0,0],"1":[0,0],"2":[0,0],"3":[0,0],"4":[0,0],"5":[0,0]}}
,"C:\\Users\\syste\\Desktop\\Execises\\challenge-axa-partners\\movies-app\\movies-app\\src\\components\\Login.jsx": {"path":"C:\\Users\\syste\\Desktop\\Execises\\challenge-axa-partners\\movies-app\\movies-app\\src\\components\\Login.jsx","statementMap":{"0":{"start":{"line":10,"column":14},"end":{"line":46,"column":1}},"1":{"start":{"line":11,"column":36},"end":{"line":11,"column":48}},"2":{"start":{"line":12,"column":36},"end":{"line":12,"column":48}},"3":{"start":{"line":13,"column":38},"end":{"line":13,"column":50}},"4":{"start":{"line":14,"column":21},"end":{"line":14,"column":34}},"5":{"start":{"line":15,"column":21},"end":{"line":15,"column":34}},"6":{"start":{"line":17,"column":19},"end":{"line":25,"column":5}},"7":{"start":{"line":18,"column":8},"end":{"line":24,"column":55}},"8":{"start":{"line":20,"column":12},"end":{"line":20,"column":44}},"9":{"start":{"line":21,"column":12},"end":{"line":21,"column":45}},"10":{"start":{"line":22,"column":12},"end":{"line":22,"column":54}},"11":{"start":{"line":23,"column":21},"end":{"line":23,"column":50}},"12":{"start":{"line":24,"column":20},"end":{"line":24,"column":54}},"13":{"start":{"line":27,"column":4},"end":{"line":45,"column":5}},"14":{"start":{"line":36,"column":105},"end":{"line":36,"column":132}},"15":{"start":{"line":37,"column":108},"end":{"line":37,"column":135}}},"fnMap":{"0":{"name":"(anonymous_0)","decl":{"start":{"line":10,"column":14},"end":{"line":10,"column":15}},"loc":{"start":{"line":10,"column":20},"end":{"line":46,"column":1}},"line":10},"1":{"name":"(anonymous_1)","decl":{"start":{"line":17,"column":19},"end":{"line":17,"column":20}},"loc":{"start":{"line":17,"column":25},"end":{"line":25,"column":5}},"line":17},"2":{"name":"(anonymous_2)","decl":{"start":{"line":19,"column":15},"end":{"line":19,"column":16}},"loc":{"start":{"line":19,"column":23},"end":{"line":23,"column":9}},"line":19},"3":{"name":"(anonymous_3)","decl":{"start":{"line":23,"column":16},"end":{"line":23,"column":17}},"loc":{"start":{"line":23,"column":21},"end":{"line":23,"column":50}},"line":23},"4":{"name":"(anonymous_4)","decl":{"start":{"line":24,"column":15},"end":{"line":24,"column":16}},"loc":{"start":{"line":24,"column":20},"end":{"line":24,"column":54}},"line":24},"5":{"name":"(anonymous_5)","decl":{"start":{"line":36,"column":100},"end":{"line":36,"column":101}},"loc":{"start":{"line":36,"column":105},"end":{"line":36,"column":132}},"line":36},"6":{"name":"(anonymous_6)","decl":{"start":{"line":37,"column":103},"end":{"line":37,"column":104}},"loc":{"start":{"line":37,"column":108},"end":{"line":37,"column":135}},"line":37}},"branchMap":{},"s":{"0":0,"1":0,"2":0,"3":0,"4":0,"5":0,"6":0,"7":0,"8":0,"9":0,"10":0,"11":0,"12":0,"13":0,"14":0,"15":0},"f":{"0":0,"1":0,"2":0,"3":0,"4":0,"5":0,"6":0},"b":{}}
,"C:\\Users\\syste\\Desktop\\Execises\\challenge-axa-partners\\movies-app\\movies-app\\src\\components\\Market.js": {"path":"C:\\Users\\syste\\Desktop\\Execises\\challenge-axa-partners\\movies-app\\movies-app\\src\\components\\Market.js","statementMap":{"0":{"start":{"line":21,"column":19},"end":{"line":21,"column":32}},"1":{"start":{"line":22,"column":2},"end":{"line":29,"column":8}},"2":{"start":{"line":23,"column":4},"end":{"line":25,"column":6}},"3":{"start":{"line":24,"column":6},"end":{"line":24,"column":39}},"4":{"start":{"line":26,"column":4},"end":{"line":28,"column":6}},"5":{"start":{"line":27,"column":6},"end":{"line":27,"column":41}},"6":{"start":{"line":31,"column":18},"end":{"line":31,"column":55}},"7":{"start":{"line":31,"column":41},"end":{"line":31,"column":54}},"8":{"start":{"line":32,"column":17},"end":{"line":34,"column":4}},"9":{"start":{"line":33,"column":4},"end":{"line":33,"column":67}},"10":{"start":{"line":33,"column":41},"end":{"line":33,"column":66}},"11":{"start":{"line":38,"column":24},"end":{"line":38,"column":123}},"12":{"start":{"line":40,"column":2},"end":{"line":81,"column":4}},"13":{"start":{"line":48,"column":10},"end":{"line":77,"column":17}},"14":{"start":{"line":67,"column":22},"end":{"line":70,"column":23}},"15":{"start":{"line":68,"column":24},"end":{"line":68,"column":50}},"16":{"start":{"line":69,"column":24},"end":{"line":69,"column":42}}},"fnMap":{"0":{"name":"MovieCard","decl":{"start":{"line":20,"column":24},"end":{"line":20,"column":33}},"loc":{"start":{"line":20,"column":44},"end":{"line":82,"column":1}},"line":20},"1":{"name":"(anonymous_1)","decl":{"start":{"line":22,"column":12},"end":{"line":22,"column":13}},"loc":{"start":{"line":22,"column":16},"end":{"line":29,"column":3}},"line":22},"2":{"name":"(anonymous_2)","decl":{"start":{"line":23,"column":25},"end":{"line":23,"column":26}},"loc":{"start":{"line":23,"column":35},"end":{"line":25,"column":5}},"line":23},"3":{"name":"(anonymous_3)","decl":{"start":{"line":26,"column":26},"end":{"line":26,"column":27}},"loc":{"start":{"line":26,"column":37},"end":{"line":28,"column":5}},"line":26},"4":{"name":"(anonymous_4)","decl":{"start":{"line":31,"column":30},"end":{"line":31,"column":31}},"loc":{"start":{"line":31,"column":41},"end":{"line":31,"column":54}},"line":31},"5":{"name":"(anonymous_5)","decl":{"start":{"line":32,"column":29},"end":{"line":32,"column":30}},"loc":{"start":{"line":32,"column":40},"end":{"line":34,"column":3}},"line":32},"6":{"name":"(anonymous_6)","decl":{"start":{"line":33,"column":32},"end":{"line":33,"column":33}},"loc":{"start":{"line":33,"column":41},"end":{"line":33,"column":66}},"line":33},"7":{"name":"(anonymous_7)","decl":{"start":{"line":47,"column":20},"end":{"line":47,"column":21}},"loc":{"start":{"line":48,"column":10},"end":{"line":77,"column":17}},"line":48},"8":{"name":"(anonymous_8)","decl":{"start":{"line":66,"column":32},"end":{"line":66,"column":33}},"loc":{"start":{"line":66,"column":42},"end":{"line":71,"column":21}},"line":66}},"branchMap":{"0":{"loc":{"start":{"line":53,"column":24},"end":{"line":53,"column":61}},"type":"cond-expr","locations":[{"start":{"line":53,"column":36},"end":{"line":53,"column":45}},{"start":{"line":53,"column":48},"end":{"line":53,"column":61}}],"line":53},"1":{"loc":{"start":{"line":67,"column":22},"end":{"line":70,"column":23}},"type":"if","locations":[{"start":{"line":67,"column":22},"end":{"line":70,"column":23}},{"start":{"line":67,"column":22},"end":{"line":70,"column":23}}],"line":67}},"s":{"0":1,"1":1,"2":1,"3":0,"4":1,"5":0,"6":1,"7":1,"8":1,"9":1,"10":6,"11":1,"12":1,"13":4,"14":12,"15":4,"16":4},"f":{"0":1,"1":1,"2":0,"3":0,"4":1,"5":1,"6":6,"7":4,"8":12},"b":{"0":[4,0],"1":[4,8]},"_coverageSchema":"1a1c01bbd47fc00a2c39e90264f33305004495a9","hash":"8c2c297131679a036d259408a0e37ea6eff0c313"}
,"C:\\Users\\syste\\Desktop\\Execises\\challenge-axa-partners\\movies-app\\movies-app\\src\\components\\MovieCard.js": {"path":"C:\\Users\\syste\\Desktop\\Execises\\challenge-axa-partners\\movies-app\\movies-app\\src\\components\\MovieCard.js","statementMap":{"0":{"start":{"line":21,"column":19},"end":{"line":21,"column":32}},"1":{"start":{"line":22,"column":2},"end":{"line":29,"column":8}},"2":{"start":{"line":23,"column":4},"end":{"line":25,"column":6}},"3":{"start":{"line":24,"column":6},"end":{"line":24,"column":39}},"4":{"start":{"line":26,"column":4},"end":{"line":28,"column":6}},"5":{"start":{"line":27,"column":6},"end":{"line":27,"column":41}},"6":{"start":{"line":30,"column":18},"end":{"line":30,"column":55}},"7":{"start":{"line":30,"column":41},"end":{"line":30,"column":54}},"8":{"start":{"line":31,"column":17},"end":{"line":33,"column":4}},"9":{"start":{"line":32,"column":2},"end":{"line":32,"column":67}},"10":{"start":{"line":32,"column":39},"end":{"line":32,"column":65}},"11":{"start":{"line":37,"column":24},"end":{"line":37,"column":123}},"12":{"start":{"line":39,"column":2},"end":{"line":77,"column":4}},"13":{"start":{"line":47,"column":10},"end":{"line":73,"column":17}},"14":{"start":{"line":64,"column":22},"end":{"line":66,"column":23}},"15":{"start":{"line":65,"column":24},"end":{"line":65,"column":42}}},"fnMap":{"0":{"name":"MovieCard","decl":{"start":{"line":19,"column":24},"end":{"line":19,"column":33}},"loc":{"start":{"line":19,"column":42},"end":{"line":78,"column":1}},"line":19},"1":{"name":"(anonymous_1)","decl":{"start":{"line":22,"column":12},"end":{"line":22,"column":13}},"loc":{"start":{"line":22,"column":16},"end":{"line":29,"column":3}},"line":22},"2":{"name":"(anonymous_2)","decl":{"start":{"line":23,"column":25},"end":{"line":23,"column":26}},"loc":{"start":{"line":23,"column":35},"end":{"line":25,"column":5}},"line":23},"3":{"name":"(anonymous_3)","decl":{"start":{"line":26,"column":26},"end":{"line":26,"column":27}},"loc":{"start":{"line":26,"column":37},"end":{"line":28,"column":5}},"line":26},"4":{"name":"(anonymous_4)","decl":{"start":{"line":30,"column":30},"end":{"line":30,"column":31}},"loc":{"start":{"line":30,"column":41},"end":{"line":30,"column":54}},"line":30},"5":{"name":"(anonymous_5)","decl":{"start":{"line":31,"column":29},"end":{"line":31,"column":30}},"loc":{"start":{"line":31,"column":40},"end":{"line":33,"column":3}},"line":31},"6":{"name":"(anonymous_6)","decl":{"start":{"line":32,"column":30},"end":{"line":32,"column":31}},"loc":{"start":{"line":32,"column":39},"end":{"line":32,"column":65}},"line":32},"7":{"name":"(anonymous_7)","decl":{"start":{"line":46,"column":20},"end":{"line":46,"column":21}},"loc":{"start":{"line":47,"column":10},"end":{"line":73,"column":17}},"line":47},"8":{"name":"(anonymous_8)","decl":{"start":{"line":63,"column":32},"end":{"line":63,"column":33}},"loc":{"start":{"line":63,"column":42},"end":{"line":67,"column":21}},"line":63}},"branchMap":{"0":{"loc":{"start":{"line":52,"column":24},"end":{"line":52,"column":61}},"type":"cond-expr","locations":[{"start":{"line":52,"column":36},"end":{"line":52,"column":45}},{"start":{"line":52,"column":48},"end":{"line":52,"column":61}}],"line":52},"1":{"loc":{"start":{"line":64,"column":22},"end":{"line":66,"column":23}},"type":"if","locations":[{"start":{"line":64,"column":22},"end":{"line":66,"column":23}},{"start":{"line":64,"column":22},"end":{"line":66,"column":23}}],"line":64}},"s":{"0":1,"1":1,"2":1,"3":0,"4":1,"5":0,"6":1,"7":1,"8":1,"9":1,"10":6,"11":1,"12":1,"13":2,"14":6,"15":2},"f":{"0":1,"1":1,"2":0,"3":0,"4":1,"5":1,"6":6,"7":2,"8":6},"b":{"0":[2,0],"1":[2,4]},"_coverageSchema":"1a1c01bbd47fc00a2c39e90264f33305004495a9","hash":"be4e13228b96c317cf691dabf399aafc6233ea5c"}
,"C:\\Users\\syste\\Desktop\\Execises\\challenge-axa-partners\\movies-app\\movies-app\\src\\components\\MovieDetail.js": {"path":"C:\\Users\\syste\\Desktop\\Execises\\challenge-axa-partners\\movies-app\\movies-app\\src\\components\\MovieDetail.js","statementMap":{"0":{"start":{"line":12,"column":2},"end":{"line":31,"column":4}}},"fnMap":{"0":{"name":"FolderList","decl":{"start":{"line":11,"column":24},"end":{"line":11,"column":34}},"loc":{"start":{"line":11,"column":42},"end":{"line":32,"column":1}},"line":11}},"branchMap":{},"s":{"0":7},"f":{"0":7},"b":{},"_coverageSchema":"1a1c01bbd47fc00a2c39e90264f33305004495a9","hash":"8ea3d00ba3a3f91e3521b407b84eaa194611f199"}
,"C:\\Users\\syste\\Desktop\\Execises\\challenge-axa-partners\\movies-app\\movies-app\\src\\components\\NavBar.js": {"path":"C:\\Users\\syste\\Desktop\\Execises\\challenge-axa-partners\\movies-app\\movies-app\\src\\components\\NavBar.js","statementMap":{"0":{"start":{"line":25,"column":20},"end":{"line":25,"column":23}},"1":{"start":{"line":27,"column":13},"end":{"line":44,"column":1}},"2":{"start":{"line":27,"column":59},"end":{"line":27,"column":74}},"3":{"start":{"line":28,"column":24},"end":{"line":43,"column":3}},"4":{"start":{"line":46,"column":15},"end":{"line":61,"column":3}},"5":{"start":{"line":47,"column":31},"end":{"line":47,"column":46}},"6":{"start":{"line":48,"column":25},"end":{"line":61,"column":1}},"7":{"start":{"line":63,"column":21},"end":{"line":69,"column":3}},"8":{"start":{"line":63,"column":51},"end":{"line":69,"column":1}},"9":{"start":{"line":72,"column":19},"end":{"line":72,"column":32}},"10":{"start":{"line":73,"column":19},"end":{"line":73,"column":32}},"11":{"start":{"line":74,"column":26},"end":{"line":74,"column":44}},"12":{"start":{"line":75,"column":16},"end":{"line":75,"column":26}},"13":{"start":{"line":76,"column":26},"end":{"line":76,"column":47}},"14":{"start":{"line":77,"column":46},"end":{"line":77,"column":64}},"15":{"start":{"line":78,"column":15},"end":{"line":78,"column":46}},"16":{"start":{"line":80,"column":23},"end":{"line":86,"column":3}},"17":{"start":{"line":81,"column":4},"end":{"line":83,"column":6}},"18":{"start":{"line":82,"column":6},"end":{"line":82,"column":39}},"19":{"start":{"line":84,"column":4},"end":{"line":84,"column":15}},"20":{"start":{"line":85,"column":4},"end":{"line":85,"column":25}},"21":{"start":{"line":88,"column":23},"end":{"line":97,"column":3}},"22":{"start":{"line":89,"column":4},"end":{"line":96,"column":5}},"23":{"start":{"line":90,"column":4},"end":{"line":95,"column":7}},"24":{"start":{"line":91,"column":8},"end":{"line":91,"column":22}},"25":{"start":{"line":94,"column":8},"end":{"line":94,"column":42}},"26":{"start":{"line":99,"column":19},"end":{"line":101,"column":3}},"27":{"start":{"line":100,"column":4},"end":{"line":100,"column":39}},"28":{"start":{"line":103,"column":19},"end":{"line":105,"column":3}},"29":{"start":{"line":104,"column":4},"end":{"line":104,"column":33}},"30":{"start":{"line":107,"column":27},"end":{"line":109,"column":3}},"31":{"start":{"line":108,"column":4},"end":{"line":108,"column":18}},"32":{"start":{"line":111,"column":28},"end":{"line":113,"column":3}},"33":{"start":{"line":112,"column":4},"end":{"line":112,"column":19}},"34":{"start":{"line":115,"column":2},"end":{"line":187,"column":4}},"35":{"start":{"line":144,"column":79},"end":{"line":144,"column":106}}},"fnMap":{"0":{"name":"(anonymous_0)","decl":{"start":{"line":27,"column":49},"end":{"line":27,"column":50}},"loc":{"start":{"line":27,"column":59},"end":{"line":27,"column":74}},"line":27},"1":{"name":"(anonymous_1)","decl":{"start":{"line":28,"column":2},"end":{"line":28,"column":3}},"loc":{"start":{"line":28,"column":24},"end":{"line":43,"column":3}},"line":28},"2":{"name":"(anonymous_2)","decl":{"start":{"line":47,"column":21},"end":{"line":47,"column":22}},"loc":{"start":{"line":47,"column":31},"end":{"line":47,"column":46}},"line":47},"3":{"name":"(anonymous_3)","decl":{"start":{"line":48,"column":3},"end":{"line":48,"column":4}},"loc":{"start":{"line":48,"column":25},"end":{"line":61,"column":1}},"line":48},"4":{"name":"(anonymous_4)","decl":{"start":{"line":63,"column":35},"end":{"line":63,"column":36}},"loc":{"start":{"line":63,"column":51},"end":{"line":69,"column":1}},"line":63},"5":{"name":"PersistentDrawerLeft","decl":{"start":{"line":71,"column":24},"end":{"line":71,"column":44}},"loc":{"start":{"line":71,"column":47},"end":{"line":188,"column":1}},"line":71},"6":{"name":"(anonymous_6)","decl":{"start":{"line":80,"column":23},"end":{"line":80,"column":24}},"loc":{"start":{"line":80,"column":33},"end":{"line":86,"column":3}},"line":80},"7":{"name":"(anonymous_7)","decl":{"start":{"line":81,"column":31},"end":{"line":81,"column":32}},"loc":{"start":{"line":81,"column":41},"end":{"line":83,"column":5}},"line":81},"8":{"name":"(anonymous_8)","decl":{"start":{"line":88,"column":23},"end":{"line":88,"column":24}},"loc":{"start":{"line":88,"column":29},"end":{"line":97,"column":3}},"line":88},"9":{"name":"(anonymous_9)","decl":{"start":{"line":99,"column":19},"end":{"line":99,"column":20}},"loc":{"start":{"line":99,"column":23},"end":{"line":101,"column":3}},"line":99},"10":{"name":"(anonymous_10)","decl":{"start":{"line":103,"column":19},"end":{"line":103,"column":20}},"loc":{"start":{"line":103,"column":23},"end":{"line":105,"column":3}},"line":103},"11":{"name":"(anonymous_11)","decl":{"start":{"line":107,"column":27},"end":{"line":107,"column":28}},"loc":{"start":{"line":107,"column":33},"end":{"line":109,"column":3}},"line":107},"12":{"name":"(anonymous_12)","decl":{"start":{"line":111,"column":28},"end":{"line":111,"column":29}},"loc":{"start":{"line":111,"column":34},"end":{"line":113,"column":3}},"line":111},"13":{"name":"(anonymous_13)","decl":{"start":{"line":144,"column":70},"end":{"line":144,"column":71}},"loc":{"start":{"line":144,"column":79},"end":{"line":144,"column":106}},"line":144}},"branchMap":{"0":{"loc":{"start":{"line":36,"column":8},"end":{"line":42,"column":5}},"type":"binary-expr","locations":[{"start":{"line":36,"column":8},"end":{"line":36,"column":12}},{"start":{"line":36,"column":16},"end":{"line":42,"column":5}}],"line":36},"1":{"loc":{"start":{"line":53,"column":6},"end":{"line":60,"column":3}},"type":"binary-expr","locations":[{"start":{"line":53,"column":6},"end":{"line":53,"column":10}},{"start":{"line":53,"column":14},"end":{"line":60,"column":3}}],"line":53},"2":{"loc":{"start":{"line":89,"column":4},"end":{"line":96,"column":5}},"type":"if","locations":[{"start":{"line":89,"column":4},"end":{"line":96,"column":5}},{"start":{"line":89,"column":4},"end":{"line":96,"column":5}}],"line":89},"3":{"loc":{"start":{"line":90,"column":4},"end":{"line":95,"column":7}},"type":"if","locations":[{"start":{"line":90,"column":4},"end":{"line":95,"column":7}},{"start":{"line":90,"column":4},"end":{"line":95,"column":7}}],"line":90},"4":{"loc":{"start":{"line":126,"column":31},"end":{"line":126,"column":58}},"type":"binary-expr","locations":[{"start":{"line":126,"column":31},"end":{"line":126,"column":35}},{"start":{"line":126,"column":39},"end":{"line":126,"column":58}}],"line":126},"5":{"loc":{"start":{"line":166,"column":13},"end":{"line":166,"column":83}},"type":"cond-expr","locations":[{"start":{"line":166,"column":41},"end":{"line":166,"column":60}},{"start":{"line":166,"column":63},"end":{"line":166,"column":83}}],"line":166}},"s":{"0":0,"1":0,"2":0,"3":0,"4":0,"5":0,"6":0,"7":0,"8":0,"9":0,"10":0,"11":0,"12":0,"13":0,"14":0,"15":0,"16":0,"17":0,"18":0,"19":0,"20":0,"21":0,"22":0,"23":0,"24":0,"25":0,"26":0,"27":0,"28":0,"29":0,"30":0,"31":0,"32":0,"33":0,"34":0,"35":0},"f":{"0":0,"1":0,"2":0,"3":0,"4":0,"5":0,"6":0,"7":0,"8":0,"9":0,"10":0,"11":0,"12":0,"13":0},"b":{"0":[0,0],"1":[0,0],"2":[0,0],"3":[0,0],"4":[0,0],"5":[0,0]}}
,"C:\\Users\\syste\\Desktop\\Execises\\challenge-axa-partners\\movies-app\\movies-app\\src\\components\\PurchaseDialog.js": {"path":"C:\\Users\\syste\\Desktop\\Execises\\challenge-axa-partners\\movies-app\\movies-app\\src\\components\\PurchaseDialog.js","statementMap":{"0":{"start":{"line":16,"column":19},"end":{"line":18,"column":2}},"1":{"start":{"line":17,"column":2},"end":{"line":17,"column":55}},"2":{"start":{"line":21,"column":26},"end":{"line":21,"column":47}},"3":{"start":{"line":22,"column":19},"end":{"line":22,"column":32}},"4":{"start":{"line":24,"column":19},"end":{"line":42,"column":3}},"5":{"start":{"line":25,"column":4},"end":{"line":41,"column":5}},"6":{"start":{"line":26,"column":8},"end":{"line":31,"column":10}},"7":{"start":{"line":27,"column":12},"end":{"line":29,"column":16}},"8":{"start":{"line":28,"column":16},"end":{"line":28,"column":49}},"9":{"start":{"line":30,"column":14},"end":{"line":30,"column":42}},"10":{"start":{"line":32,"column":8},"end":{"line":32,"column":21}},"11":{"start":{"line":33,"column":8},"end":{"line":36,"column":9}},"12":{"start":{"line":34,"column":10},"end":{"line":34,"column":29}},"13":{"start":{"line":35,"column":10},"end":{"line":35,"column":51}},"14":{"start":{"line":37,"column":8},"end":{"line":37,"column":19}},"15":{"start":{"line":40,"column":8},"end":{"line":40,"column":59}},"16":{"start":{"line":43,"column":26},"end":{"line":45,"column":3}},"17":{"start":{"line":44,"column":4},"end":{"line":44,"column":18}},"18":{"start":{"line":47,"column":22},"end":{"line":49,"column":3}},"19":{"start":{"line":48,"column":4},"end":{"line":48,"column":19}},"20":{"start":{"line":51,"column":2},"end":{"line":76,"column":4}},"21":{"start":{"line":72,"column":33},"end":{"line":72,"column":74}}},"fnMap":{"0":{"name":"Transition","decl":{"start":{"line":16,"column":45},"end":{"line":16,"column":55}},"loc":{"start":{"line":16,"column":68},"end":{"line":18,"column":1}},"line":16},"1":{"name":"AlertDialogSlide","decl":{"start":{"line":20,"column":24},"end":{"line":20,"column":40}},"loc":{"start":{"line":20,"column":56},"end":{"line":77,"column":1}},"line":20},"2":{"name":"(anonymous_2)","decl":{"start":{"line":24,"column":19},"end":{"line":24,"column":20}},"loc":{"start":{"line":24,"column":54},"end":{"line":42,"column":3}},"line":24},"3":{"name":"(anonymous_3)","decl":{"start":{"line":26,"column":51},"end":{"line":26,"column":52}},"loc":{"start":{"line":26,"column":55},"end":{"line":31,"column":9}},"line":26},"4":{"name":"(anonymous_4)","decl":{"start":{"line":27,"column":33},"end":{"line":27,"column":34}},"loc":{"start":{"line":27,"column":43},"end":{"line":29,"column":15}},"line":27},"5":{"name":"(anonymous_5)","decl":{"start":{"line":43,"column":26},"end":{"line":43,"column":27}},"loc":{"start":{"line":43,"column":32},"end":{"line":45,"column":3}},"line":43},"6":{"name":"(anonymous_6)","decl":{"start":{"line":47,"column":22},"end":{"line":47,"column":23}},"loc":{"start":{"line":47,"column":28},"end":{"line":49,"column":3}},"line":47},"7":{"name":"(anonymous_7)","decl":{"start":{"line":72,"column":28},"end":{"line":72,"column":29}},"loc":{"start":{"line":72,"column":33},"end":{"line":72,"column":74}},"line":72}},"branchMap":{"0":{"loc":{"start":{"line":33,"column":8},"end":{"line":36,"column":9}},"type":"if","locations":[{"start":{"line":33,"column":8},"end":{"line":36,"column":9}},{"start":{"line":33,"column":8},"end":{"line":36,"column":9}}],"line":33}},"s":{"0":2,"1":7,"2":5,"3":5,"4":5,"5":1,"6":1,"7":0,"8":0,"9":0,"10":1,"11":1,"12":1,"13":1,"14":1,"15":0,"16":5,"17":0,"18":5,"19":1,"20":5,"21":1},"f":{"0":7,"1":5,"2":1,"3":0,"4":0,"5":0,"6":1,"7":1},"b":{"0":[1,0]},"_coverageSchema":"1a1c01bbd47fc00a2c39e90264f33305004495a9","hash":"061994140ea63b58405dd1eac73719c1e7898149"}
,"C:\\Users\\syste\\Desktop\\Execises\\challenge-axa-partners\\movies-app\\movies-app\\src\\components\\SelectFilterByStudio.js": {"path":"C:\\Users\\syste\\Desktop\\Execises\\challenge-axa-partners\\movies-app\\movies-app\\src\\components\\SelectFilterByStudio.js","statementMap":{"0":{"start":{"line":11,"column":19},"end":{"line":11,"column":32}},"1":{"start":{"line":12,"column":18},"end":{"line":12,"column":54}},"2":{"start":{"line":12,"column":40},"end":{"line":12,"column":53}},"3":{"start":{"line":15,"column":25},"end":{"line":20,"column":3}},"4":{"start":{"line":16,"column":4},"end":{"line":19,"column":6}},"5":{"start":{"line":17,"column":6},"end":{"line":17,"column":45}},"6":{"start":{"line":18,"column":6},"end":{"line":18,"column":52}},"7":{"start":{"line":22,"column":2},"end":{"line":41,"column":4}},"8":{"start":{"line":35,"column":14},"end":{"line":35,"column":74}}},"fnMap":{"0":{"name":"SelectFilterByStudio","decl":{"start":{"line":10,"column":24},"end":{"line":10,"column":44}},"loc":{"start":{"line":10,"column":54},"end":{"line":42,"column":1}},"line":10},"1":{"name":"(anonymous_1)","decl":{"start":{"line":12,"column":31},"end":{"line":12,"column":32}},"loc":{"start":{"line":12,"column":40},"end":{"line":12,"column":53}},"line":12},"2":{"name":"(anonymous_2)","decl":{"start":{"line":15,"column":25},"end":{"line":15,"column":26}},"loc":{"start":{"line":15,"column":30},"end":{"line":20,"column":3}},"line":15},"3":{"name":"(anonymous_3)","decl":{"start":{"line":16,"column":23},"end":{"line":16,"column":24}},"loc":{"start":{"line":16,"column":27},"end":{"line":19,"column":5}},"line":16},"4":{"name":"(anonymous_4)","decl":{"start":{"line":34,"column":24},"end":{"line":34,"column":25}},"loc":{"start":{"line":35,"column":14},"end":{"line":35,"column":74}},"line":35}},"branchMap":{},"s":{"0":0,"1":0,"2":0,"3":0,"4":0,"5":0,"6":0,"7":0,"8":0},"f":{"0":0,"1":0,"2":0,"3":0,"4":0},"b":{}}
,"C:\\Users\\syste\\Desktop\\Execises\\challenge-axa-partners\\movies-app\\movies-app\\src\\services\\login.js": {"path":"C:\\Users\\syste\\Desktop\\Execises\\challenge-axa-partners\\movies-app\\movies-app\\src\\services\\login.js","statementMap":{"0":{"start":{"line":3,"column":21},"end":{"line":11,"column":1}},"1":{"start":{"line":4,"column":4},"end":{"line":9,"column":5}},"2":{"start":{"line":5,"column":27},"end":{"line":5,"column":76}},"3":{"start":{"line":6,"column":8},"end":{"line":6,"column":35}},"4":{"start":{"line":8,"column":8},"end":{"line":8,"column":41}}},"fnMap":{"0":{"name":"(anonymous_0)","decl":{"start":{"line":3,"column":21},"end":{"line":3,"column":22}},"loc":{"start":{"line":3,"column":50},"end":{"line":11,"column":1}},"line":3}},"branchMap":{},"s":{"0":0,"1":0,"2":0,"3":0,"4":0},"f":{"0":0},"b":{}}
,"C:\\Users\\syste\\Desktop\\Execises\\challenge-axa-partners\\movies-app\\movies-app\\src\\services\\movies.js": {"path":"C:\\Users\\syste\\Desktop\\Execises\\challenge-axa-partners\\movies-app\\movies-app\\src\\services\\movies.js","statementMap":{"0":{"start":{"line":3,"column":14},"end":{"line":3,"column":34}},"1":{"start":{"line":5,"column":28},"end":{"line":12,"column":1}},"2":{"start":{"line":6,"column":19},"end":{"line":10,"column":10}},"3":{"start":{"line":11,"column":4},"end":{"line":11,"column":23}},"4":{"start":{"line":14,"column":29},"end":{"line":21,"column":1}},"5":{"start":{"line":15,"column":21},"end":{"line":19,"column":10}},"6":{"start":{"line":20,"column":4},"end":{"line":20,"column":20}}},"fnMap":{"0":{"name":"(anonymous_0)","decl":{"start":{"line":5,"column":28},"end":{"line":5,"column":29}},"loc":{"start":{"line":5,"column":39},"end":{"line":12,"column":1}},"line":5},"1":{"name":"(anonymous_1)","decl":{"start":{"line":14,"column":29},"end":{"line":14,"column":30}},"loc":{"start":{"line":14,"column":63},"end":{"line":21,"column":1}},"line":14}},"branchMap":{},"s":{"0":3,"1":3,"2":2,"3":0,"4":3,"5":1,"6":0},"f":{"0":2,"1":1},"b":{},"_coverageSchema":"1a1c01bbd47fc00a2c39e90264f33305004495a9","hash":"72a8d393b8ad8f01a2ca312d71d6cec1fdfbd9fb"}
,"C:\\Users\\syste\\Desktop\\Execises\\challenge-axa-partners\\movies-app\\movies-app\\src\\services\\studios.js": {"path":"C:\\Users\\syste\\Desktop\\Execises\\challenge-axa-partners\\movies-app\\movies-app\\src\\services\\studios.js","statementMap":{"0":{"start":{"line":3,"column":14},"end":{"line":3,"column":34}},"1":{"start":{"line":5,"column":29},"end":{"line":13,"column":1}},"2":{"start":{"line":6,"column":20},"end":{"line":10,"column":6}},"3":{"start":{"line":11,"column":4},"end":{"line":11,"column":23}}},"fnMap":{"0":{"name":"(anonymous_0)","decl":{"start":{"line":5,"column":29},"end":{"line":5,"column":30}},"loc":{"start":{"line":5,"column":40},"end":{"line":13,"column":1}},"line":5}},"branchMap":{},"s":{"0":2,"1":2,"2":2,"3":0},"f":{"0":2},"b":{},"_coverageSchema":"1a1c01bbd47fc00a2c39e90264f33305004495a9","hash":"4faad0b5c6886060e573f7c160413133557d4f03"}
,"C:\\Users\\syste\\Desktop\\Execises\\challenge-axa-partners\\movies-app\\movies-app\\src\\store\\index.js": {"path":"C:\\Users\\syste\\Desktop\\Execises\\challenge-axa-partners\\movies-app\\movies-app\\src\\store\\index.js","statementMap":{"0":{"start":{"line":6,"column":17},"end":{"line":10,"column":2}},"1":{"start":{"line":11,"column":14},"end":{"line":11,"column":35}}},"fnMap":{},"branchMap":{},"s":{"0":0,"1":0},"f":{},"b":{}}
,"C:\\Users\\syste\\Desktop\\Execises\\challenge-axa-partners\\movies-app\\movies-app\\src\\store\\movies\\actions.js": {"path":"C:\\Users\\syste\\Desktop\\Execises\\challenge-axa-partners\\movies-app\\movies-app\\src\\store\\movies\\actions.js","statementMap":{"0":{"start":{"line":1,"column":31},"end":{"line":6,"column":1}},"1":{"start":{"line":2,"column":4},"end":{"line":5,"column":5}},"2":{"start":{"line":8,"column":34},"end":{"line":13,"column":1}},"3":{"start":{"line":9,"column":4},"end":{"line":12,"column":5}},"4":{"start":{"line":15,"column":36},"end":{"line":20,"column":1}},"5":{"start":{"line":16,"column":4},"end":{"line":19,"column":5}}},"fnMap":{"0":{"name":"(anonymous_0)","decl":{"start":{"line":1,"column":31},"end":{"line":1,"column":32}},"loc":{"start":{"line":1,"column":45},"end":{"line":6,"column":1}},"line":1},"1":{"name":"(anonymous_1)","decl":{"start":{"line":8,"column":34},"end":{"line":8,"column":35}},"loc":{"start":{"line":8,"column":46},"end":{"line":13,"column":1}},"line":8},"2":{"name":"(anonymous_2)","decl":{"start":{"line":15,"column":36},"end":{"line":15,"column":37}},"loc":{"start":{"line":15,"column":52},"end":{"line":20,"column":1}},"line":15}},"branchMap":{},"s":{"0":3,"1":0,"2":3,"3":2,"4":3,"5":1},"f":{"0":0,"1":2,"2":1},"b":{},"_coverageSchema":"1a1c01bbd47fc00a2c39e90264f33305004495a9","hash":"b8d710d603ab395041e0896a12543f9ad31b806a"}
,"C:\\Users\\syste\\Desktop\\Execises\\challenge-axa-partners\\movies-app\\movies-app\\src\\store\\movies\\reducers.js": {"path":"C:\\Users\\syste\\Desktop\\Execises\\challenge-axa-partners\\movies-app\\movies-app\\src\\store\\movies\\reducers.js","statementMap":{"0":{"start":{"line":1,"column":29},"end":{"line":13,"column":1}},"1":{"start":{"line":2,"column":21},"end":{"line":2,"column":27}},"2":{"start":{"line":3,"column":4},"end":{"line":12,"column":5}},"3":{"start":{"line":5,"column":12},"end":{"line":5,"column":33}},"4":{"start":{"line":7,"column":12},"end":{"line":7,"column":67}},"5":{"start":{"line":7,"column":37},"end":{"line":7,"column":66}},"6":{"start":{"line":9,"column":12},"end":{"line":9,"column":68}},"7":{"start":{"line":9,"column":37},"end":{"line":9,"column":67}},"8":{"start":{"line":11,"column":12},"end":{"line":11,"column":24}}},"fnMap":{"0":{"name":"(anonymous_0)","decl":{"start":{"line":1,"column":29},"end":{"line":1,"column":30}},"loc":{"start":{"line":1,"column":53},"end":{"line":13,"column":1}},"line":1},"1":{"name":"(anonymous_1)","decl":{"start":{"line":7,"column":32},"end":{"line":7,"column":33}},"loc":{"start":{"line":7,"column":37},"end":{"line":7,"column":66}},"line":7},"2":{"name":"(anonymous_2)","decl":{"start":{"line":9,"column":32},"end":{"line":9,"column":33}},"loc":{"start":{"line":9,"column":37},"end":{"line":9,"column":67}},"line":9}},"branchMap":{"0":{"loc":{"start":{"line":1,"column":30},"end":{"line":1,"column":40}},"type":"default-arg","locations":[{"start":{"line":1,"column":38},"end":{"line":1,"column":40}}],"line":1},"1":{"loc":{"start":{"line":3,"column":4},"end":{"line":12,"column":5}},"type":"switch","locations":[{"start":{"line":4,"column":8},"end":{"line":5,"column":33}},{"start":{"line":6,"column":8},"end":{"line":7,"column":67}},{"start":{"line":8,"column":8},"end":{"line":9,"column":68}},{"start":{"line":10,"column":8},"end":{"line":11,"column":24}}],"line":3}},"s":{"0":2,"1":4,"2":4,"3":0,"4":2,"5":12,"6":1,"7":6,"8":1},"f":{"0":4,"1":12,"2":6},"b":{"0":[0],"1":[0,2,1,1]},"_coverageSchema":"1a1c01bbd47fc00a2c39e90264f33305004495a9","hash":"ccd5a9a29087ffadacf8a784b47778ed56df3169"}
,"C:\\Users\\syste\\Desktop\\Execises\\challenge-axa-partners\\movies-app\\movies-app\\src\\store\\studios\\actions.js": {"path":"C:\\Users\\syste\\Desktop\\Execises\\challenge-axa-partners\\movies-app\\movies-app\\src\\store\\studios\\actions.js","statementMap":{"0":{"start":{"line":1,"column":32},"end":{"line":6,"column":1}},"1":{"start":{"line":2,"column":4},"end":{"line":5,"column":5}}},"fnMap":{"0":{"name":"(anonymous_0)","decl":{"start":{"line":1,"column":32},"end":{"line":1,"column":33}},"loc":{"start":{"line":1,"column":47},"end":{"line":6,"column":1}},"line":1}},"branchMap":{},"s":{"0":2,"1":0},"f":{"0":0},"b":{},"_coverageSchema":"1a1c01bbd47fc00a2c39e90264f33305004495a9","hash":"b50844095a0974625062bd7131e93f81c3c01a15"}
,"C:\\Users\\syste\\Desktop\\Execises\\challenge-axa-partners\\movies-app\\movies-app\\src\\store\\studios\\reducers.js": {"path":"C:\\Users\\syste\\Desktop\\Execises\\challenge-axa-partners\\movies-app\\movies-app\\src\\store\\studios\\reducers.js","statementMap":{"0":{"start":{"line":1,"column":30},"end":{"line":9,"column":1}},"1":{"start":{"line":2,"column":21},"end":{"line":2,"column":27}},"2":{"start":{"line":3,"column":4},"end":{"line":8,"column":5}},"3":{"start":{"line":5,"column":12},"end":{"line":5,"column":33}},"4":{"start":{"line":7,"column":12},"end":{"line":7,"column":24}}},"fnMap":{"0":{"name":"(anonymous_0)","decl":{"start":{"line":1,"column":30},"end":{"line":1,"column":31}},"loc":{"start":{"line":1,"column":54},"end":{"line":9,"column":1}},"line":1}},"branchMap":{"0":{"loc":{"start":{"line":1,"column":31},"end":{"line":1,"column":41}},"type":"default-arg","locations":[{"start":{"line":1,"column":39},"end":{"line":1,"column":41}}],"line":1},"1":{"loc":{"start":{"line":3,"column":4},"end":{"line":8,"column":5}},"type":"switch","locations":[{"start":{"line":4,"column":8},"end":{"line":5,"column":33}},{"start":{"line":6,"column":8},"end":{"line":7,"column":24}}],"line":3}},"s":{"0":0,"1":0,"2":0,"3":0,"4":0},"f":{"0":0},"b":{"0":[0],"1":[0,0]}}
,"C:\\Users\\syste\\Desktop\\Execises\\challenge-axa-partners\\movies-app\\movies-app\\src\\store\\user\\actions.js": {"path":"C:\\Users\\syste\\Desktop\\Execises\\challenge-axa-partners\\movies-app\\movies-app\\src\\store\\user\\actions.js","statementMap":{"0":{"start":{"line":1,"column":32},"end":{"line":6,"column":1}},"1":{"start":{"line":2,"column":4},"end":{"line":5,"column":5}}},"fnMap":{"0":{"name":"(anonymous_0)","decl":{"start":{"line":1,"column":32},"end":{"line":1,"column":33}},"loc":{"start":{"line":1,"column":44},"end":{"line":6,"column":1}},"line":1}},"branchMap":{},"s":{"0":0,"1":0},"f":{"0":0},"b":{}}
,"C:\\Users\\syste\\Desktop\\Execises\\challenge-axa-partners\\movies-app\\movies-app\\src\\store\\user\\reducers.js": {"path":"C:\\Users\\syste\\Desktop\\Execises\\challenge-axa-partners\\movies-app\\movies-app\\src\\store\\user\\reducers.js","statementMap":{"0":{"start":{"line":1,"column":27},"end":{"line":9,"column":1}},"1":{"start":{"line":2,"column":21},"end":{"line":2,"column":27}},"2":{"start":{"line":3,"column":4},"end":{"line":8,"column":5}},"3":{"start":{"line":5,"column":12},"end":{"line":5,"column":33}},"4":{"start":{"line":7,"column":12},"end":{"line":7,"column":24}}},"fnMap":{"0":{"name":"(anonymous_0)","decl":{"start":{"line":1,"column":27},"end":{"line":1,"column":28}},"loc":{"start":{"line":1,"column":51},"end":{"line":9,"column":1}},"line":1}},"branchMap":{"0":{"loc":{"start":{"line":1,"column":28},"end":{"line":1,"column":38}},"type":"default-arg","locations":[{"start":{"line":1,"column":36},"end":{"line":1,"column":38}}],"line":1},"1":{"loc":{"start":{"line":3,"column":4},"end":{"line":8,"column":5}},"type":"switch","locations":[{"start":{"line":4,"column":8},"end":{"line":5,"column":33}},{"start":{"line":6,"column":8},"end":{"line":7,"column":24}}],"line":3}},"s":{"0":0,"1":0,"2":0,"3":0,"4":0},"f":{"0":0},"b":{"0":[0],"1":[0,0]}}
,"C:\\Users\\syste\\Desktop\\Execises\\challenge-axa-partners\\movies-app\\movies-app\\src\\utils\\axios.js": {"path":"C:\\Users\\syste\\Desktop\\Execises\\challenge-axa-partners\\movies-app\\movies-app\\src\\utils\\axios.js","statementMap":{},"fnMap":{},"branchMap":{},"s":{},"f":{},"b":{},"_coverageSchema":"1a1c01bbd47fc00a2c39e90264f33305004495a9","hash":"ea1d5b6c8881655f40dcd925e4652ecba0e7f77c"}
,"C:\\Users\\syste\\Desktop\\Execises\\challenge-axa-partners\\movies-app\\movies-app\\src\\utils\\testState.js": {"path":"C:\\Users\\syste\\Desktop\\Execises\\challenge-axa-partners\\movies-app\\movies-app\\src\\utils\\testState.js","statementMap":{},"fnMap":{},"branchMap":{},"s":{},"f":{},"b":{},"_coverageSchema":"1a1c01bbd47fc00a2c39e90264f33305004495a9","hash":"bf0fcb48d28ff4236c4dfebea0032133352d3f9a"}
}
