TN:
SF:src\App.jsx
FN:15,(anonymous_0)
FN:17,(anonymous_1)
FNF:2
FNH:0
FNDA:0,(anonymous_0)
FNDA:0,(anonymous_1)
DA:15,0
DA:16,0
DA:17,0
DA:18,0
LF:4
LH:0
BRDA:23,0,0,0
BRDA:23,0,1,0
BRDA:23,1,0,0
BRDA:23,1,1,0
BRDA:32,2,0,0
BRDA:32,2,1,0
BRDA:32,3,0,0
BRDA:32,3,1,0
BRF:8
BRH:0
end_of_record
TN:
SF:src\index.js
FNF:0
FNH:0
DA:8,0
LF:1
LH:0
BRF:0
BRH:0
end_of_record
TN:
SF:src\components\FiltersDrawer.js
FN:25,(anonymous_0)
FN:26,(anonymous_1)
FN:45,(anonymous_2)
FN:46,(anonymous_3)
FN:61,(anonymous_4)
FN:69,PersistentDrawerLeft
FN:76,(anonymous_6)
FN:79,(anonymous_7)
FN:82,(anonymous_8)
FN:92,(anonymous_9)
FN:93,(anonymous_10)
FN:98,(anonymous_11)
FN:102,(anonymous_12)
FN:126,(anonymous_13)
FN:159,(anonymous_14)
FN:162,(anonymous_15)
FNF:16
FNH:0
FNDA:0,(anonymous_0)
FNDA:0,(anonymous_1)
FNDA:0,(anonymous_2)
FNDA:0,(anonymous_3)
FNDA:0,(anonymous_4)
FNDA:0,PersistentDrawerLeft
FNDA:0,(anonymous_6)
FNDA:0,(anonymous_7)
FNDA:0,(anonymous_8)
FNDA:0,(anonymous_9)
FNDA:0,(anonymous_10)
FNDA:0,(anonymous_11)
FNDA:0,(anonymous_12)
FNDA:0,(anonymous_13)
FNDA:0,(anonymous_14)
FNDA:0,(anonymous_15)
DA:23,0
DA:25,0
DA:26,0
DA:44,0
DA:45,0
DA:46,0
DA:61,0
DA:70,0
DA:71,0
DA:72,0
DA:73,0
DA:74,0
DA:75,0
DA:76,0
DA:77,0
DA:79,0
DA:80,0
DA:81,0
DA:82,0
DA:83,0
DA:84,0
DA:88,0
DA:92,0
DA:93,0
DA:94,0
DA:95,0
DA:98,0
DA:99,0
DA:102,0
DA:103,0
DA:106,0
DA:126,0
DA:159,0
DA:162,0
LF:34
LH:0
BRDA:34,0,0,0
BRDA:34,0,1,0
BRDA:51,1,0,0
BRDA:51,1,1,0
BRDA:80,2,0,0
BRDA:80,2,1,0
BRDA:81,3,0,0
BRDA:81,3,1,0
BRDA:117,4,0,0
BRDA:117,4,1,0
BRDA:146,5,0,0
BRDA:146,5,1,0
BRF:12
BRH:0
end_of_record
TN:
SF:src\components\Login.jsx
FN:10,(anonymous_0)
FN:17,(anonymous_1)
FN:19,(anonymous_2)
FN:23,(anonymous_3)
FN:24,(anonymous_4)
FN:36,(anonymous_5)
FN:37,(anonymous_6)
FNF:7
FNH:0
FNDA:0,(anonymous_0)
FNDA:0,(anonymous_1)
FNDA:0,(anonymous_2)
FNDA:0,(anonymous_3)
FNDA:0,(anonymous_4)
FNDA:0,(anonymous_5)
FNDA:0,(anonymous_6)
DA:10,0
DA:11,0
DA:12,0
DA:13,0
DA:14,0
DA:15,0
DA:17,0
DA:18,0
DA:20,0
DA:21,0
DA:22,0
DA:23,0
DA:24,0
DA:27,0
DA:36,0
DA:37,0
LF:16
LH:0
BRF:0
BRH:0
end_of_record
TN:
SF:src\components\Market.js
FN:20,MovieCard
FN:22,(anonymous_1)
FN:23,(anonymous_2)
FN:26,(anonymous_3)
FN:31,(anonymous_4)
FN:32,(anonymous_5)
FN:33,(anonymous_6)
FN:47,(anonymous_7)
FN:66,(anonymous_8)
FNF:9
FNH:7
FNDA:1,MovieCard
FNDA:1,(anonymous_1)
FNDA:0,(anonymous_2)
FNDA:0,(anonymous_3)
FNDA:1,(anonymous_4)
FNDA:1,(anonymous_5)
FNDA:6,(anonymous_6)
FNDA:4,(anonymous_7)
FNDA:12,(anonymous_8)
DA:21,1
DA:22,1
DA:23,1
DA:24,0
DA:26,1
DA:27,0
DA:31,1
DA:32,1
DA:33,6
DA:38,1
DA:40,1
DA:48,4
DA:67,12
DA:68,4
DA:69,4
LF:15
LH:13
BRDA:53,0,0,4
BRDA:53,0,1,0
BRDA:67,1,0,4
BRDA:67,1,1,8
BRF:4
BRH:3
end_of_record
TN:
SF:src\components\MovieCard.js
FN:19,MovieCard
FN:22,(anonymous_1)
FN:23,(anonymous_2)
FN:26,(anonymous_3)
FN:30,(anonymous_4)
FN:31,(anonymous_5)
FN:32,(anonymous_6)
FN:46,(anonymous_7)
FN:63,(anonymous_8)
FNF:9
FNH:7
FNDA:1,MovieCard
FNDA:1,(anonymous_1)
FNDA:0,(anonymous_2)
FNDA:0,(anonymous_3)
FNDA:1,(anonymous_4)
FNDA:1,(anonymous_5)
FNDA:6,(anonymous_6)
FNDA:2,(anonymous_7)
FNDA:6,(anonymous_8)
DA:21,1
DA:22,1
DA:23,1
DA:24,0
DA:26,1
DA:27,0
DA:30,1
DA:31,1
DA:32,6
DA:37,1
DA:39,1
DA:47,2
DA:64,6
DA:65,2
LF:14
LH:12
BRDA:52,0,0,2
BRDA:52,0,1,0
BRDA:64,1,0,2
BRDA:64,1,1,4
BRF:4
BRH:3
end_of_record
TN:
SF:src\components\MovieDetail.js
FN:11,FolderList
FNF:1
FNH:1
FNDA:7,FolderList
DA:12,7
LF:1
LH:1
BRF:0
BRH:0
end_of_record
TN:
SF:src\components\NavBar.js
FN:27,(anonymous_0)
FN:28,(anonymous_1)
FN:47,(anonymous_2)
FN:48,(anonymous_3)
FN:63,(anonymous_4)
FN:71,PersistentDrawerLeft
FN:80,(anonymous_6)
FN:81,(anonymous_7)
FN:88,(anonymous_8)
FN:99,(anonymous_9)
FN:103,(anonymous_10)
FN:107,(anonymous_11)
FN:111,(anonymous_12)
FN:144,(anonymous_13)
FNF:14
FNH:0
FNDA:0,(anonymous_0)
FNDA:0,(anonymous_1)
FNDA:0,(anonymous_2)
FNDA:0,(anonymous_3)
FNDA:0,(anonymous_4)
FNDA:0,PersistentDrawerLeft
FNDA:0,(anonymous_6)
FNDA:0,(anonymous_7)
FNDA:0,(anonymous_8)
FNDA:0,(anonymous_9)
FNDA:0,(anonymous_10)
FNDA:0,(anonymous_11)
FNDA:0,(anonymous_12)
FNDA:0,(anonymous_13)
DA:25,0
DA:27,0
DA:28,0
DA:46,0
DA:47,0
DA:48,0
DA:63,0
DA:72,0
DA:73,0
DA:74,0
DA:75,0
DA:76,0
DA:77,0
DA:78,0
DA:80,0
DA:81,0
DA:82,0
DA:84,0
DA:85,0
DA:88,0
DA:89,0
DA:90,0
DA:91,0
DA:94,0
DA:99,0
DA:100,0
DA:103,0
DA:104,0
DA:107,0
DA:108,0
DA:111,0
DA:112,0
DA:115,0
DA:144,0
LF:34
LH:0
BRDA:36,0,0,0
BRDA:36,0,1,0
BRDA:53,1,0,0
BRDA:53,1,1,0
BRDA:89,2,0,0
BRDA:89,2,1,0
BRDA:90,3,0,0
BRDA:90,3,1,0
BRDA:126,4,0,0
BRDA:126,4,1,0
BRDA:166,5,0,0
BRDA:166,5,1,0
BRF:12
BRH:0
end_of_record
TN:
SF:src\components\PurchaseDialog.js
FN:16,Transition
FN:20,AlertDialogSlide
FN:24,(anonymous_2)
FN:26,(anonymous_3)
FN:27,(anonymous_4)
FN:43,(anonymous_5)
FN:47,(anonymous_6)
FN:72,(anonymous_7)
FNF:8
FNH:5
FNDA:7,Transition
FNDA:5,AlertDialogSlide
FNDA:1,(anonymous_2)
FNDA:0,(anonymous_3)
FNDA:0,(anonymous_4)
FNDA:0,(anonymous_5)
FNDA:1,(anonymous_6)
FNDA:1,(anonymous_7)
DA:16,2
DA:17,7
DA:21,5
DA:22,5
DA:24,5
DA:25,1
DA:26,1
DA:27,0
DA:28,0
DA:30,0
DA:32,1
DA:33,1
DA:34,1
DA:35,1
DA:37,1
DA:40,0
DA:43,5
DA:44,0
DA:47,5
DA:48,1
DA:51,5
DA:72,1
LF:22
LH:17
BRDA:33,0,0,1
BRDA:33,0,1,0
BRF:2
BRH:1
end_of_record
TN:
SF:src\components\SelectFilterByStudio.js
FN:10,SelectFilterByStudio
FN:12,(anonymous_1)
FN:15,(anonymous_2)
FN:16,(anonymous_3)
FN:34,(anonymous_4)
FNF:5
FNH:0
FNDA:0,SelectFilterByStudio
FNDA:0,(anonymous_1)
FNDA:0,(anonymous_2)
FNDA:0,(anonymous_3)
FNDA:0,(anonymous_4)
DA:11,0
DA:12,0
DA:15,0
DA:16,0
DA:17,0
DA:18,0
DA:22,0
DA:35,0
LF:8
LH:0
BRF:0
BRH:0
end_of_record
TN:
SF:src\services\login.js
FN:3,(anonymous_0)
FNF:1
FNH:0
FNDA:0,(anonymous_0)
DA:3,0
DA:4,0
DA:5,0
DA:6,0
DA:8,0
LF:5
LH:0
BRF:0
BRH:0
end_of_record
TN:
SF:src\services\movies.js
FN:5,(anonymous_0)
FN:14,(anonymous_1)
FNF:2
FNH:2
FNDA:2,(anonymous_0)
FNDA:1,(anonymous_1)
DA:3,3
DA:5,3
DA:6,2
DA:11,0
DA:14,3
DA:15,1
DA:20,0
LF:7
LH:5
BRF:0
BRH:0
end_of_record
TN:
SF:src\services\studios.js
FN:5,(anonymous_0)
FNF:1
FNH:1
FNDA:2,(anonymous_0)
DA:3,2
DA:5,2
DA:6,2
DA:11,0
LF:4
LH:3
BRF:0
BRH:0
end_of_record
TN:
SF:src\store\index.js
FNF:0
FNH:0
DA:6,0
DA:11,0
LF:2
LH:0
BRF:0
BRH:0
end_of_record
TN:
SF:src\store\movies\actions.js
FN:1,(anonymous_0)
FN:8,(anonymous_1)
FN:15,(anonymous_2)
FNF:3
FNH:2
FNDA:0,(anonymous_0)
FNDA:2,(anonymous_1)
FNDA:1,(anonymous_2)
DA:1,3
DA:2,0
DA:8,3
DA:9,2
DA:15,3
DA:16,1
LF:6
LH:5
BRF:0
BRH:0
end_of_record
TN:
SF:src\store\movies\reducers.js
FN:1,(anonymous_0)
FN:7,(anonymous_1)
FN:9,(anonymous_2)
FNF:3
FNH:3
FNDA:4,(anonymous_0)
FNDA:12,(anonymous_1)
FNDA:6,(anonymous_2)
DA:1,2
DA:2,4
DA:3,4
DA:5,0
DA:7,12
DA:9,6
DA:11,1
LF:7
LH:6
BRDA:1,0,0,0
BRDA:3,1,0,0
BRDA:3,1,1,2
BRDA:3,1,2,1
BRDA:3,1,3,1
BRF:5
BRH:3
end_of_record
TN:
SF:src\store\studios\actions.js
FN:1,(anonymous_0)
FNF:1
FNH:0
FNDA:0,(anonymous_0)
DA:1,2
DA:2,0
LF:2
LH:1
BRF:0
BRH:0
end_of_record
TN:
SF:src\store\studios\reducers.js
FN:1,(anonymous_0)
FNF:1
FNH:0
FNDA:0,(anonymous_0)
DA:1,0
DA:2,0
DA:3,0
DA:5,0
DA:7,0
LF:5
LH:0
BRDA:1,0,0,0
BRDA:3,1,0,0
BRDA:3,1,1,0
BRF:3
BRH:0
end_of_record
TN:
SF:src\store\user\actions.js
FN:1,(anonymous_0)
FNF:1
FNH:0
FNDA:0,(anonymous_0)
DA:1,0
DA:2,0
LF:2
LH:0
BRF:0
BRH:0
end_of_record
TN:
SF:src\store\user\reducers.js
FN:1,(anonymous_0)
FNF:1
FNH:0
FNDA:0,(anonymous_0)
DA:1,0
DA:2,0
DA:3,0
DA:5,0
DA:7,0
LF:5
LH:0
BRDA:1,0,0,0
BRDA:3,1,0,0
BRDA:3,1,1,0
BRF:3
BRH:0
end_of_record
TN:
SF:src\utils\axios.js
FNF:0
FNH:0
LF:0
LH:0
BRF:0
BRH:0
end_of_record
TN:
SF:src\utils\testState.js
FNF:0
FNH:0
LF:0
LH:0
BRF:0
BRH:0
end_of_record
